<?xml version="1.0" encoding="UTF-8"?>
<testsuite xmlns:xsi="http://www.w3.org/2001/XMLSchema-instance" xsi:noNamespaceSchemaLocation="https://maven.apache.org/surefire/maven-surefire-plugin/xsd/surefire-test-report.xsd" name="uk.ac.ed.inf.OrderValidatorTests" time="0.082" tests="20" errors="0" skipped="0" failures="0">
  <properties>
    <property name="java.specification.version" value="18"/>
    <property name="sun.cpu.isalist" value="amd64"/>
    <property name="sun.jnu.encoding" value="Cp1252"/>
    <property name="java.class.path" value="C:\Users\ae_fo\Documents\INF 3\Inf Large Practical\CW1\PizzaDronz\target\test-classes;C:\Users\ae_fo\Documents\INF 3\Inf Large Practical\CW1\PizzaDronz\target\classes;C:\Users\ae_fo\.m2\repository\junit\junit\4.11\junit-4.11.jar;C:\Users\ae_fo\.m2\repository\org\hamcrest\hamcrest-core\1.3\hamcrest-core-1.3.jar;C:\Users\ae_fo\.m2\repository\uk\ac\ed\inf\IlpDataObjects\1.0.0-SNAPSHOT\IlpDataObjects-1.0.0-SNAPSHOT.jar;C:\Users\ae_fo\.m2\repository\com\fasterxml\jackson\core\jackson-databind\2.14.2\jackson-databind-2.14.2.jar;C:\Users\ae_fo\.m2\repository\com\fasterxml\jackson\core\jackson-annotations\2.14.2\jackson-annotations-2.14.2.jar;C:\Users\ae_fo\.m2\repository\com\fasterxml\jackson\core\jackson-core\2.14.2\jackson-core-2.14.2.jar;C:\Users\ae_fo\.m2\repository\com\fasterxml\jackson\datatype\jackson-datatype-jsr310\2.14.2\jackson-datatype-jsr310-2.14.2.jar;C:\Users\ae_fo\.m2\repository\de\grundid\opendatalab\geojson-jackson\1.14\geojson-jackson-1.14.jar;"/>
    <property name="java.vm.vendor" value="Oracle Corporation"/>
    <property name="sun.arch.data.model" value="64"/>
    <property name="user.variant" value=""/>
    <property name="java.vendor.url" value="https://java.oracle.com/"/>
    <property name="user.timezone" value="Europe/London"/>
    <property name="os.name" value="Windows 11"/>
    <property name="java.vm.specification.version" value="18"/>
    <property name="sun.java.launcher" value="SUN_STANDARD"/>
    <property name="user.country" value="GB"/>
    <property name="sun.boot.library.path" value="C:\Program Files\Java\jdk-18.0.2.1\bin"/>
    <property name="sun.java.command" value="C:\Users\ae_fo\AppData\Local\Temp\surefire4380239573165262370\surefirebooter1826705625618183894.jar C:\Users\ae_fo\AppData\Local\Temp\surefire4380239573165262370 2023-11-29T22-25-06_836-jvmRun1 surefire12010729281583527804tmp surefire_210964395743033541714tmp"/>
    <property name="jdk.debug" value="release"/>
    <property name="surefire.test.class.path" value="C:\Users\ae_fo\Documents\INF 3\Inf Large Practical\CW1\PizzaDronz\target\test-classes;C:\Users\ae_fo\Documents\INF 3\Inf Large Practical\CW1\PizzaDronz\target\classes;C:\Users\ae_fo\.m2\repository\junit\junit\4.11\junit-4.11.jar;C:\Users\ae_fo\.m2\repository\org\hamcrest\hamcrest-core\1.3\hamcrest-core-1.3.jar;C:\Users\ae_fo\.m2\repository\uk\ac\ed\inf\IlpDataObjects\1.0.0-SNAPSHOT\IlpDataObjects-1.0.0-SNAPSHOT.jar;C:\Users\ae_fo\.m2\repository\com\fasterxml\jackson\core\jackson-databind\2.14.2\jackson-databind-2.14.2.jar;C:\Users\ae_fo\.m2\repository\com\fasterxml\jackson\core\jackson-annotations\2.14.2\jackson-annotations-2.14.2.jar;C:\Users\ae_fo\.m2\repository\com\fasterxml\jackson\core\jackson-core\2.14.2\jackson-core-2.14.2.jar;C:\Users\ae_fo\.m2\repository\com\fasterxml\jackson\datatype\jackson-datatype-jsr310\2.14.2\jackson-datatype-jsr310-2.14.2.jar;C:\Users\ae_fo\.m2\repository\de\grundid\opendatalab\geojson-jackson\1.14\geojson-jackson-1.14.jar;"/>
    <property name="sun.cpu.endian" value="little"/>
    <property name="user.home" value="C:\Users\ae_fo"/>
    <property name="user.language" value="en"/>
    <property name="java.specification.vendor" value="Oracle Corporation"/>
    <property name="java.version.date" value="2022-08-18"/>
    <property name="java.home" value="C:\Program Files\Java\jdk-18.0.2.1"/>
    <property name="file.separator" value="\"/>
    <property name="basedir" value="C:\Users\ae_fo\Documents\INF 3\Inf Large Practical\CW1\PizzaDronz"/>
    <property name="java.vm.compressedOopsMode" value="Zero based"/>
    <property name="line.separator" value="&#10;"/>
    <property name="java.vm.specification.vendor" value="Oracle Corporation"/>
    <property name="java.specification.name" value="Java Platform API Specification"/>
    <property name="surefire.real.class.path" value="C:\Users\ae_fo\AppData\Local\Temp\surefire4380239573165262370\surefirebooter1826705625618183894.jar"/>
    <property name="user.script" value=""/>
    <property name="sun.management.compiler" value="HotSpot 64-Bit Tiered Compilers"/>
    <property name="java.runtime.version" value="18.0.2.1+1-1"/>
    <property name="user.name" value="ae_fo"/>
    <property name="path.separator" value=";"/>
    <property name="os.version" value="10.0"/>
    <property name="java.runtime.name" value="Java(TM) SE Runtime Environment"/>
    <property name="file.encoding" value="UTF-8"/>
    <property name="java.vm.name" value="Java HotSpot(TM) 64-Bit Server VM"/>
    <property name="localRepository" value="C:\Users\ae_fo\.m2\repository"/>
    <property name="java.vendor.url.bug" value="https://bugreport.java.com/bugreport/"/>
    <property name="java.io.tmpdir" value="C:\Users\ae_fo\AppData\Local\Temp\"/>
    <property name="idea.version" value="2021.3.1"/>
    <property name="java.version" value="18.0.2.1"/>
    <property name="user.dir" value="C:\Users\ae_fo\Documents\INF 3\Inf Large Practical\CW1\PizzaDronz"/>
    <property name="os.arch" value="amd64"/>
    <property name="java.vm.specification.name" value="Java Virtual Machine Specification"/>
    <property name="sun.os.patch.level" value=""/>
    <property name="native.encoding" value="Cp1252"/>
    <property name="java.library.path" value="C:\Program Files\Java\jdk-18.0.2.1\bin;C:\WINDOWS\Sun\Java\bin;C:\WINDOWS\system32;C:\WINDOWS;C:\Program Files\Common Files\Oracle\Java\javapath;C:\Python311\Scripts\;C:\Python311\;C:\WINDOWS\system32;C:\WINDOWS;C:\WINDOWS\System32\Wbem;C:\WINDOWS\System32\WindowsPowerShell\v1.0\;C:\WINDOWS\System32\OpenSSH\;C:\Program Files\dotnet\;C:\Program Files\Java\jdk-14.0.2\bin;C:\Program Files\Git\cmd;C:\ProgramData\chocolatey\bin;C:\Program Files\nodejs\;C:\MinGW\bin;C:\Users\ae_fo\AppData\Local\Microsoft\WindowsApps;C:\Users\ae_fo\AppData\Local\Programs\Microsoft VS Code\bin;C:\Users\ae_fo\AppData\Local\GitHubDesktop\bin;C:\Users\ae_fo\.dotnet\tools;C:\Users\ae_fo\AppData\Roaming\npm;;."/>
    <property name="java.vm.info" value="mixed mode, sharing"/>
    <property name="java.vendor" value="Oracle Corporation"/>
    <property name="java.vm.version" value="18.0.2.1+1-1"/>
    <property name="sun.io.unicode.encoding" value="UnicodeLittle"/>
    <property name="java.class.version" value="62.0"/>
  </properties>
  <testcase name="validExpiry_CloseToInvalid" classname="uk.ac.ed.inf.OrderValidatorTests" time="0.007"/>
  <testcase name="invalidCVV_Length" classname="uk.ac.ed.inf.OrderValidatorTests" time="0.001"/>
  <testcase name="invalidNumberOfPizzas" classname="uk.ac.ed.inf.OrderValidatorTests" time="0.001"/>
  <testcase name="pizzaDoesntExist" classname="uk.ac.ed.inf.OrderValidatorTests" time="0"/>
  <testcase name="validOrder" classname="uk.ac.ed.inf.OrderValidatorTests" time="0.001"/>
  <testcase name="restaurantOpen" classname="uk.ac.ed.inf.OrderValidatorTests" time="0"/>
  <testcase name="pizzaExist" classname="uk.ac.ed.inf.OrderValidatorTests" time="0.001"/>
  <testcase name="invalidExpiry_Characters" classname="uk.ac.ed.inf.OrderValidatorTests" time="0"/>
  <testcase name="pizzaDoesntExist_null" classname="uk.ac.ed.inf.OrderValidatorTests" time="0.002"/>
  <testcase name="totalNotAddedCorrectly" classname="uk.ac.ed.inf.OrderValidatorTests" time="0.001"/>
  <testcase name="totalAddedCorrectly" classname="uk.ac.ed.inf.OrderValidatorTests" time="0"/>
  <testcase name="invalidExpiry_Expired" classname="uk.ac.ed.inf.OrderValidatorTests" time="0.001"/>
  <testcase name="invalidExpiry_Format" classname="uk.ac.ed.inf.OrderValidatorTests" time="0"/>
  <testcase name="invalidCardNum_Length" classname="uk.ac.ed.inf.OrderValidatorTests" time="0.001"/>
  <testcase name="invalidExpiry_CloseToValid" classname="uk.ac.ed.inf.OrderValidatorTests" time="0"/>
  <testcase name="pizzasFromSameRestaraunt" classname="uk.ac.ed.inf.OrderValidatorTests" time="0"/>
  <testcase name="restaurantClosed" classname="uk.ac.ed.inf.OrderValidatorTests" time="0.002"/>
  <testcase name="notFromSameRestaurant" classname="uk.ac.ed.inf.OrderValidatorTests" time="0"/>
  <testcase name="invalidCVV_Characters" classname="uk.ac.ed.inf.OrderValidatorTests" time="0.001"/>
  <testcase name="InvalidCardNum_Characters" classname="uk.ac.ed.inf.OrderValidatorTests" time="0.001"/>
</testsuite>